signature-master/signature-master/app/build/outputs/logs/manifest-merger-debug-report.txt
-- Merging decision tree log ---
manifest
ADDED from src\main\AndroidManifest.xml:2:1-39:12
INJECTED from src\main\AndroidManifest.xml:2:1-39:12
INJECTED from src\main\AndroidManifest.xml:2:1-39:12
INJECTED from src\main\AndroidManifest.xml:2:1-39:12
MERGED from [com.android.support.constraint:constraint-layout:1.1.3] AndroidManifest.xml:2:1-11:12
INJECTED from src\main\AndroidManifest.xml:2:1-39:12
INJECTED from src\main\AndroidManifest.xml:2:1-39:12
INJECTED from src\main\AndroidManifest.xml:2:1-39:12
	package
		ADDED from src\main\AndroidManifest.xml:3:7-37
		INJECTED from src\main\AndroidManifest.xml
		INJECTED from src\main\AndroidManifest.xml
	android:versionName
		ADDED from src\main\AndroidManifest.xml:5:7-32
		INJECTED from src\main\AndroidManifest.xml
		INJECTED from src\main\AndroidManifest.xml
	xmlns:android
		ADDED from src\main\AndroidManifest.xml:2:11-69
	android:versionCode
		ADDED from src\main\AndroidManifest.xml:4:7-30
		INJECTED from src\main\AndroidManifest.xml
		INJECTED from src\main\AndroidManifest.xml
uses-permission#android.permission.WRITE_EXTERNAL_STORAGE
ADDED from src\main\AndroidManifest.xml:7:5-81
	android:name
		ADDED from src\main\AndroidManifest.xml:7:22-78
uses-permission#android.permission.ACCESS_CHECKIN_PROPERTIES
ADDED from src\main\AndroidManifest.xml:8:5-84
	android:name
		ADDED from src\main\AndroidManifest.xml:8:22-81
application
ADDED from src\main\AndroidManifest.xml:10:5-38:19
MERGED from [com.android.support.constraint:constraint-layout:1.1.3] AndroidManifest.xml:9:5-20
MERGED from [com.android.support.constraint:constraint-layout:1.1.3] AndroidManifest.xml:9:5-20
	android:label
		ADDED from src\main\AndroidManifest.xml:10:49-81
	android:debuggable
		ADDED from src\main\AndroidManifest.xml:10:82-107
	android:icon
		ADDED from src\main\AndroidManifest.xml:10:18-48
activity#secureSign.mainpress.SecureSignActivity
ADDED from src\main\AndroidManifest.xml:11:9-17:20
	android:screenOrientation
		ADDED from src\main\AndroidManifest.xml:12:52-88
	android:label
		ADDED from src\main\AndroidManifest.xml:12:19-51
	android:name
		ADDED from src\main\AndroidManifest.xml:11:19-52
intent-filter#action:name:android.intent.action.MAIN+category:name:android.intent.category.LAUNCHER
ADDED from src\main\AndroidManifest.xml:13:13-16:29
action#android.intent.action.MAIN
ADDED from src\main\AndroidManifest.xml:14:17-69
	android:name
		ADDED from src\main\AndroidManifest.xml:14:25-66
category#android.intent.category.LAUNCHER
ADDED from src\main\AndroidManifest.xml:15:17-77
	android:name
		ADDED from src\main\AndroidManifest.xml:15:27-74
activity#secureSign.mainpress.NewUserActivity
ADDED from src\main\AndroidManifest.xml:19:9-88
	android:screenOrientation
		ADDED from src\main\AndroidManifest.xml:19:50-86
	android:name
		ADDED from src\main\AndroidManifest.xml:19:19-49
activity#secureSign.mainpress.AboutActivity
ADDED from src\main\AndroidManifest.xml:22:9-23:20
	android:screenOrientation
		ADDED from src\main\AndroidManifest.xml:22:48-84
	android:name
		ADDED from src\main\AndroidManifest.xml:22:19-47
activity#secureSign.mainpress.TrainingActivity
ADDED from src\main\AndroidManifest.xml:25:9-26:20
	android:screenOrientation
		ADDED from src\main\AndroidManifest.xml:25:51-88
	android:name
		ADDED from src\main\AndroidManifest.xml:25:19-50
activity#secureSign.mainpress.TrainingActivityMedium
ADDED from src\main\AndroidManifest.xml:28:9-29:20
	android:screenOrientation
		ADDED from src\main\AndroidManifest.xml:28:58-95
	android:name
		ADDED from src\main\AndroidManifest.xml:28:19-57
activity#secureSign.mainpress.TrainingActivityBig
ADDED from src\main\AndroidManifest.xml:31:9-32:20
	android:screenOrientation
		ADDED from src\main\AndroidManifest.xml:31:55-92
	android:name
		ADDED from src\main\AndroidManifest.xml:31:19-54
activity#secureSign.mainpress.VerifyActivity
ADDED from src\main\AndroidManifest.xml:34:9-35:20
	android:screenOrientation
		ADDED from src\main\AndroidManifest.xml:34:49-86
	android:name
		ADDED from src\main\AndroidManifest.xml:34:19-48
uses-sdk
INJECTED from src\main\AndroidManifest.xml reason: use-sdk injection requested
INJECTED from src\main\AndroidManifest.xml
INJECTED from src\main\AndroidManifest.xml
MERGED from [com.android.support.constraint:constraint-layout:1.1.3] AndroidManifest.xml:5:5-7:41
MERGED from [com.android.support.constraint:constraint-layout:1.1.3] AndroidManifest.xml:5:5-7:41
INJECTED from src\main\AndroidManifest.xml
INJECTED from src\main\AndroidManifest.xml
	android:targetSdkVersion
		INJECTED from src\main\AndroidManifest.xml
		ADDED from src\main\AndroidManifest.xml
		INJECTED from src\main\AndroidManifest.xml
	android:minSdkVersion
		INJECTED from src\main\AndroidManifest.xml
		ADDED from src\main\AndroidManifest.xml
		INJECTED from src\main\AndroidManifest.xml